[debug] [2022-12-01T19:04:05.981Z] ----------------------------------------------------------------------
[debug] [2022-12-01T19:04:05.983Z] Command:       C:\Program Files\nodejs\node.exe C:\Users\Anthony Rodriguez\AppData\Roaming\npm\node_modules\firebase-tools\lib\bin\firebase.js init
[debug] [2022-12-01T19:04:05.983Z] CLI Version:   11.16.1
[debug] [2022-12-01T19:04:05.983Z] Platform:      win32
[debug] [2022-12-01T19:04:05.983Z] Node Version:  v18.12.0
[debug] [2022-12-01T19:04:05.984Z] Time:          Thu Dec 01 2022 13:04:05 GMT-0600 (Central Standard Time)
[debug] [2022-12-01T19:04:05.984Z] ----------------------------------------------------------------------
[debug] 
[debug] [2022-12-01T19:04:06.040Z] > command requires scopes: ["email","openid","https://www.googleapis.com/auth/cloudplatformprojects.readonly","https://www.googleapis.com/auth/firebase","https://www.googleapis.com/auth/cloud-platform"]
[debug] [2022-12-01T19:04:06.040Z] > authorizing via signed-in user (piratemonkeypainting@gmail.com)
[info] 
     ######## #### ########  ######## ########     ###     ######  ########
     ##        ##  ##     ## ##       ##     ##  ##   ##  ##       ##
     ######    ##  ########  ######   ########  #########  ######  ######
     ##        ##  ##    ##  ##       ##     ## ##     ##       ## ##
     ##       #### ##     ## ######## ########  ##     ##  ######  ########

You're about to initialize a Firebase project in this directory:

  C:\Users\Anthony Rodriguez\Documents\codingPrac\code camp files\personal_projects\portfolio-2\frontend-react

Before we get started, keep in mind:

  * You are initializing within an existing Firebase project directory

[info] 
=== Project Setup
[info] 
[info] First, let's associate this project directory with a Firebase project.
[info] You can create multiple project aliases by running firebase use --add, 
[info] but for now we'll just set up a default project.
[info] 
[debug] [2022-12-01T19:04:10.157Z] Using project from CLI flag: carlosarodriguezportfolio
[debug] [2022-12-01T19:04:10.159Z] >>> [apiv2][query] GET https://firebase.googleapis.com/v1beta1/projects/carlosarodriguezportfolio [none]
[debug] [2022-12-01T19:04:10.493Z] <<< [apiv2][status] GET https://firebase.googleapis.com/v1beta1/projects/carlosarodriguezportfolio 200
[debug] [2022-12-01T19:04:10.493Z] <<< [apiv2][body] GET https://firebase.googleapis.com/v1beta1/projects/carlosarodriguezportfolio {"projectId":"carlosarodriguezportfolio","projectNumber":"533216228992","displayName":"CarlosARodriguezPortfolio","name":"projects/carlosarodriguezportfolio","resources":{"hostingSite":"carlosarodriguezportfolio"},"state":"ACTIVE","etag":"1_cb994e2f-993f-4a15-8d4a-022d10f2c953"}
[info] i  Using project carlosarodriguezportfolio (CarlosARodriguezPortfolio) 
[info] 
=== Hosting Setup
[info] 
[info] Your public directory is the folder (relative to your project directory) that
[info] will contain Hosting assets to be uploaded with firebase deploy. If you
[info] have a build process for your assets, use your build's output directory.
[info] 
[debug] [2022-12-01T19:04:17.699Z] >>> [apiv2][query] GET https://www.gstatic.com/firebasejs/releases.json [none]
[debug] [2022-12-01T19:04:17.842Z] <<< [apiv2][status] GET https://www.gstatic.com/firebasejs/releases.json 200
[debug] [2022-12-01T19:04:17.842Z] <<< [apiv2][body] GET https://www.gstatic.com/firebasejs/releases.json {"current":{"version":"9.14.0","browserURL":"https://www.gstatic.com/firebasejs/9.14.0/firebase.js","packageURL":"https://www.gstatic.com/firebasejs/9.14.0/firebase.tgz"},"live":{"version":"9.14","browserURL":"https://www.gstatic.com/firebasejs/live/9.14/firebase.js","packageURL":"https://www.gstatic.com/firebasejs/live/9.14/firebase.tgz"},"components":{"analytics":"https://www.gstatic.com/firebasejs/9.14.0/firebase-analytics.js","app":"https://www.gstatic.com/firebasejs/9.14.0/firebase-app.js","app-check":"https://www.gstatic.com/firebasejs/9.14.0/firebase-app-check.js","auth":"https://www.gstatic.com/firebasejs/9.14.0/firebase-auth.js","auth/cordova":"https://www.gstatic.com/firebasejs/9.14.0/firebase-auth/cordova.js","auth/react-native":"https://www.gstatic.com/firebasejs/9.14.0/firebase-auth/react-native.js","functions":"https://www.gstatic.com/firebasejs/9.14.0/firebase-functions.js","firestore":"https://www.gstatic.com/firebasejs/9.14.0/firebase-firestore.js","firestore/lite":"https://www.gstatic.com/firebasejs/9.14.0/firebase-firestore/lite.js","installations":"https://www.gstatic.com/firebasejs/9.14.0/firebase-installations.js","storage":"https://www.gstatic.com/firebasejs/9.14.0/firebase-storage.js","performance":"https://www.gstatic.com/firebasejs/9.14.0/firebase-performance.js","remote-config":"https://www.gstatic.com/firebasejs/9.14.0/firebase-remote-config.js","messaging":"https://www.gstatic.com/firebasejs/9.14.0/firebase-messaging.js","messaging/sw":"https://www.gstatic.com/firebasejs/9.14.0/firebase-messaging/sw.js","database":"https://www.gstatic.com/firebasejs/9.14.0/firebase-database.js","firestore.memory":"https://www.gstatic.com/firebasejs/9.14.0/firebase-firestore.memory.js"}}
[info] +  Wrote build/index.html 
[info] 
[info] i  Detected a .git folder at C:\Users\Anthony Rodriguez\Documents\codingPrac\code camp files\personal_projects\portfolio-2 
[info] i  Authorizing with GitHub to upload your service account to a GitHub repository's secrets store. 
[info] 
[info] Visit this URL on this device to log in:
[info] https://github.com/login/oauth/authorize?client_id=89cf50f02ac6aaed3484&state=907904547&redirect_uri=http%3A%2F%2Flocalhost%3A9005&scope=read%3Auser%20repo%20public_repo
[info] 
[info] Waiting for authentication...
[debug] [2022-12-01T19:04:23.096Z] >>> [apiv2][query] POST https://github.com/login/oauth/access_token [none]
[debug] [2022-12-01T19:04:23.096Z] >>> [apiv2][body] POST https://github.com/login/oauth/access_token [stream]
[debug] [2022-12-01T19:04:23.374Z] <<< [apiv2][status] POST https://github.com/login/oauth/access_token 200
[debug] [2022-12-01T19:04:23.374Z] <<< [apiv2][body] POST https://github.com/login/oauth/access_token {"access_token":"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","token_type":"bearer","scope":"read:user,repo"}
[debug] [2022-12-01T19:04:23.380Z] >>> [apiv2][query] GET https://api.github.com/user [none]
[debug] [2022-12-01T19:04:23.718Z] <<< [apiv2][status] GET https://api.github.com/user 200
[debug] [2022-12-01T19:04:23.718Z] <<< [apiv2][body] GET https://api.github.com/user {"login":"Piratemonkey941","id":107444528,"node_id":"U_kgDOBmd5MA","avatar_url":"https://avatars.githubusercontent.com/u/107444528?v=4","gravatar_id":"","url":"https://api.github.com/users/Piratemonkey941","html_url":"https://github.com/Piratemonkey941","followers_url":"https://api.github.com/users/Piratemonkey941/followers","following_url":"https://api.github.com/users/Piratemonkey941/following{/other_user}","gists_url":"https://api.github.com/users/Piratemonkey941/gists{/gist_id}","starred_url":"https://api.github.com/users/Piratemonkey941/starred{/owner}{/repo}","subscriptions_url":"https://api.github.com/users/Piratemonkey941/subscriptions","organizations_url":"https://api.github.com/users/Piratemonkey941/orgs","repos_url":"https://api.github.com/users/Piratemonkey941/repos","events_url":"https://api.github.com/users/Piratemonkey941/events{/privacy}","received_events_url":"https://api.github.com/users/Piratemonkey941/received_events","type":"User","site_admin":false,"name":"Anthony Rodriguez","company":null,"blog":"","location":"Springfield, MO","email":null,"hireable":null,"bio":"I Started Coding in June. Currently learning Front End Development from CodeFi.","twitter_username":null,"public_repos":12,"public_gists":0,"followers":7,"following":17,"created_at":"2022-06-13T23:44:43Z","updated_at":"2022-10-19T21:41:30Z","private_gists":0,"total_private_repos":1,"owned_private_repos":1,"disk_usage":141141,"collaborators":0,"two_factor_authentication":true,"plan":{"name":"free","space":976562499,"collaborators":0,"private_repos":10000}}
[info] 
[info] +  Success! Logged into GitHub as Piratemonkey941 
[info] 
